<?xml version="1.0" encoding="UTF-8" ?>
<testsuite tests="35" failures="0" name="com.sbstechtest.utils.TestRunner" time="1.394" errors="0" skipped="0">
  <properties>
[...]
</properties>
  <testcase classname="Scenario: Invoke test page and validate the audio header" name="Given I get response of &quot;APITest&quot; end point" time="0.006"/>
  <testcase classname="Scenario: Invoke test page and validate the audio header" name="Then I get all &quot;archiveAudio&quot; mp3 audio files" time="0.001"/>
  <testcase classname="Scenario: Invoke test page and validate the audio header" name="And I validate response is processed successfully" time="0"/>
  <testcase classname="Scenario: Invoke test page and validate the audio header" name="Scenario: Invoke test page and validate the audio header" time="0.001"/>
  <testcase classname="Scenario: Invoke test page and validate the audio header" name="Given Test complete" time="0"/>
  <testcase classname="Scenario: Invoke test page and validate the audio header" name="Scenario: Invoke test page and validate the audio header" time="1.201"/>
  <testcase classname="Scenario: Invoke test page and validate the audio header" name="Given User invokes test page" time="0"/>
  <testcase classname="Scenario: Invoke test page and validate the audio header" name="Then Title of audio track should be displayed as &quot;expected&quot;" time="0"/>
  <testcase classname="Scenario: Invoke test page and validate the audio header" name="And Subscribe drop down should display &quot;APPLE PODCASTS&quot; podcast" time="0"/>
  <testcase classname="Scenario: Invoke test page and validate the audio header" name="And Subscribe drop down should display &quot;GOOGLE PODCASTS&quot; podcast" time="0"/>
  <testcase classname="Scenario: Invoke test page and validate the audio header" name="Scenario: Invoke test page and validate the audio header" time="0"/>
  <testcase classname="Scenario: Validate the audio player launch" name="Given User clicks on audio icon button" time="0"/>
  <testcase classname="Scenario: Validate the audio player launch" name="Then Audio player should be launched at the bottom of the screen" time="0"/>
  <testcase classname="Scenario: Validate the audio player launch" name="Scenario: Validate the audio player launch" time="0"/>
  <testcase classname="Scenario: Click and verify player controls" name="Given User clicks &quot;pause&quot; button for audio" time="0"/>
  <testcase classname="Scenario: Click and verify player controls" name="Then Audio player should &quot;pause&quot; the audio" time="0"/>
  <testcase classname="Scenario: Click and verify player controls" name="When User clicks &quot;play&quot; button for audio" time="0"/>
  <testcase classname="Scenario: Click and verify player controls" name="Then Audio player should &quot;play&quot; the audio" time="0"/>
  <testcase classname="Scenario: Click and verify player controls" name="When User clicks &quot;mute&quot; button for audio" time="0"/>
  <testcase classname="Scenario: Click and verify player controls" name="Then Audio player should &quot;mute&quot; the audio" time="0"/>
  <testcase classname="Scenario: Click and verify player controls" name="When User clicks &quot;unmute&quot; button for audio" time="0.001"/>
  <testcase classname="Scenario: Click and verify player controls" name="Then Audio player should &quot;unmute&quot; the audio" time="0"/>
  <testcase classname="Scenario: Click and verify player controls" name="Scenario: Click and verify player controls" time="0.001"/>
  <testcase classname="Scenario: Click 20s forward or rewind on the audio player and verify scrub on the progress bar" name="Given User is on test page" time="0"/>
  <testcase classname="Scenario: Click 20s forward or rewind on the audio player and verify scrub on the progress bar" name="When Clicks 20s &quot;forward&quot; button the audio should step forward by 20s" time="0"/>
  <testcase classname="Scenario: Click 20s forward or rewind on the audio player and verify scrub on the progress bar" name="And Clicks 20s &quot;back&quot; button the audio should step back by 20s" time="0"/>
  <testcase classname="Scenario: Click 20s forward or rewind on the audio player and verify scrub on the progress bar" name="Scenario: Click 20s forward or rewind on the audio player and verify scrub on the progress bar" time="0.001"/>
  <testcase classname="Scenario: Verify language toggle button functionality" name="Given User is on test page" time="0"/>
  <testcase classname="Scenario: Verify language toggle button functionality" name="Then Language list should &quot;not display&quot; under language toggle button" time="0"/>
  <testcase classname="Scenario: Verify language toggle button functionality" name="When Clicks on toggle button" time="0"/>
  <testcase classname="Scenario: Verify language toggle button functionality" name="Then Language list should &quot;display&quot; under language toggle button" time="0.001"/>
  <testcase classname="Scenario: Verify language toggle button functionality" name="Scenario: Verify language toggle button functionality" time="0.001"/>
  <testcase classname="Scenario: Test Teardown" name="Given Test complete" time="0"/>
  <testcase classname="Scenario: Test Teardown" name="Then Close the test browser" time="0"/>
  <testcase classname="Scenario: Test Teardown" name="Scenario: Test Teardown" time="0.18"/>
</testsuite>